<?xml version="1.0" encoding="UTF-8"?>
<testng-results ignored="0" total="1" passed="1" failed="0" skipped="0">
  <reporter-output>
  </reporter-output>
  <suite started-at="2023-10-18T23:08:06 IST" name="Default suite" finished-at="2023-10-18T23:08:10 IST" duration-ms="4110">
    <groups>
    </groups>
    <test started-at="2023-10-18T23:08:06 IST" name="Default test" finished-at="2023-10-18T23:08:10 IST" duration-ms="4110">
      <class name="pojoTest.createUserUsingPojoTest">
        <test-method signature="createUserTest()[pri:0, instance:pojoTest.createUserUsingPojoTest@7d4f9aae]" started-at="2023-10-18T23:08:06 IST" name="createUserTest" finished-at="2023-10-18T23:08:10 IST" duration-ms="4030" status="PASS">
          <reporter-output>
          </reporter-output>
        </test-method> <!-- createUserTest -->
      </class> <!-- pojoTest.createUserUsingPojoTest -->
    </test> <!-- Default test -->
  </suite> <!-- Default suite -->
</testng-results>
